# JRE version: OpenJDK Runtime Environment (8.0_152-b01) (build 1.8.0_152-release-915-b01)
# Java VM: OpenJDK 64-Bit Server VM (25.152-b01 mixed mode windows-amd64 compressed oops)
Heap:
 PSYoungGen      total 189440K, used 124123K [0x00000000e0000000, 0x00000000ed580000, 0x0000000100000000)
  eden space 160256K, 70% used [0x00000000e0000000,0x00000000e6e5d010,0x00000000e9c80000)
  from space 29184K, 38% used [0x00000000eb900000,0x00000000ec3d9f80,0x00000000ed580000)
  to   space 29184K, 0% used [0x00000000e9c80000,0x00000000e9c80000,0x00000000eb900000)
 ParOldGen       total 159744K, used 67241K [0x00000000a0000000, 0x00000000a9c00000, 0x00000000e0000000)
  object space 159744K, 42% used [0x00000000a0000000,0x00000000a41aa7a0,0x00000000a9c00000)
 Metaspace       used 80915K, capacity 88468K, committed 88664K, reserved 1126400K
  class space    used 10231K, capacity 11893K, committed 11904K, reserved 1048576K
GC Heap History (10 events):
Event: 7891.361 GC heap before
{Heap before GC invocations=39 (full 3):
 PSYoungGen      total 135680K, used 135666K [0x00000000e0000000, 0x00000000eb000000, 0x0000000100000000)
  eden space 107008K, 100% used [0x00000000e0000000,0x00000000e6880000,0x00000000e6880000)
  from space 28672K, 99% used [0x00000000e6880000,0x00000000e847cbd8,0x00000000e8480000)
  to   space 31744K, 0% used [0x00000000e9100000,0x00000000e9100000,0x00000000eb000000)
 ParOldGen       total 159744K, used 66074K [0x00000000a0000000, 0x00000000a9c00000, 0x00000000e0000000)
  object space 159744K, 41% used [0x00000000a0000000,0x00000000a4086ac0,0x00000000a9c00000)
 Metaspace       used 80632K, capacity 88100K, committed 88408K, reserved 1126400K
  class space    used 10207K, capacity 11837K, committed 11904K, reserved 1048576K
Event: 7891.378 GC heap after
Heap after GC invocations=39 (full 3):
 PSYoungGen      total 148480K, used 12233K [0x00000000e0000000, 0x00000000eb080000, 0x0000000100000000)
  eden space 116736K, 0% used [0x00000000e0000000,0x00000000e0000000,0x00000000e7200000)
  from space 31744K, 38% used [0x00000000e9100000,0x00000000e9cf2558,0x00000000eb000000)
  to   space 31744K, 0% used [0x00000000e7200000,0x00000000e7200000,0x00000000e9100000)
 ParOldGen       total 159744K, used 66559K [0x00000000a0000000, 0x00000000a9c00000, 0x00000000e0000000)
  object space 159744K, 41% used [0x00000000a0000000,0x00000000a40ffcd0,0x00000000a9c00000)
 Metaspace       used 80632K, capacity 88100K, committed 88408K, reserved 1126400K
  class space    used 10207K, capacity 11837K, committed 11904K, reserved 1048576K
}
Event: 7891.683 GC heap before
{Heap before GC invocations=40 (full 3):
 PSYoungGen      total 148480K, used 128527K [0x00000000e0000000, 0x00000000eb080000, 0x0000000100000000)
  eden space 116736K, 99% used [0x00000000e0000000,0x00000000e7191a28,0x00000000e7200000)
  from space 31744K, 38% used [0x00000000e9100000,0x00000000e9cf2558,0x00000000eb000000)
  to   space 31744K, 0% used [0x00000000e7200000,0x00000000e7200000,0x00000000e9100000)
 ParOldGen       total 159744K, used 66559K [0x00000000a0000000, 0x00000000a9c00000, 0x00000000e0000000)
  object space 159744K, 41% used [0x00000000a0000000,0x00000000a40ffcd0,0x00000000a9c00000)
 Metaspace       used 80742K, capacity 88220K, committed 88408K, reserved 1126400K
  class space    used 10213K, capacity 11845K, committed 11904K, reserved 1048576K
Event: 7891.697 GC heap after
Heap after GC invocations=40 (full 3):
 PSYoungGen      total 148480K, used 15230K [0x00000000e0000000, 0x00000000ebb80000, 0x0000000100000000)
  eden space 116736K, 0% used [0x00000000e0000000,0x00000000e0000000,0x00000000e7200000)
  from space 31744K, 47% used [0x00000000e7200000,0x00000000e80df9d8,0x00000000e9100000)
  to   space 30720K, 0% used [0x00000000e9d80000,0x00000000e9d80000,0x00000000ebb80000)
 ParOldGen       total 159744K, used 66567K [0x00000000a0000000, 0x00000000a9c00000, 0x00000000e0000000)
  object space 159744K, 41% used [0x00000000a0000000,0x00000000a4101cd0,0x00000000a9c00000)
 Metaspace       used 80742K, capacity 88220K, committed 88408K, reserved 1126400K
  class space    used 10213K, capacity 11845K, committed 11904K, reserved 1048576K
}
Event: 7891.714 GC heap before
{Heap before GC invocations=41 (full 3):
 PSYoungGen      total 148480K, used 131172K [0x00000000e0000000, 0x00000000ebb80000, 0x0000000100000000)
  eden space 116736K, 99% used [0x00000000e0000000,0x00000000e71397b0,0x00000000e7200000)
  from space 31744K, 47% used [0x00000000e7200000,0x00000000e80df9d8,0x00000000e9100000)
  to   space 30720K, 0% used [0x00000000e9d80000,0x00000000e9d80000,0x00000000ebb80000)
 ParOldGen       total 159744K, used 66567K [0x00000000a0000000, 0x00000000a9c00000, 0x00000000e0000000)
  object space 159744K, 41% used [0x00000000a0000000,0x00000000a4101cd0,0x00000000a9c00000)
 Metaspace       used 80747K, capacity 88220K, committed 88408K, reserved 1126400K
  class space    used 10213K, capacity 11845K, committed 11904K, reserved 1048576K
Event: 7891.726 GC heap after
Heap after GC invocations=41 (full 3):
 PSYoungGen      total 161792K, used 11575K [0x00000000e0000000, 0x00000000ec480000, 0x0000000100000000)
  eden space 131072K, 0% used [0x00000000e0000000,0x00000000e0000000,0x00000000e8000000)
  from space 30720K, 37% used [0x00000000e9d80000,0x00000000ea8cdf70,0x00000000ebb80000)
  to   space 30208K, 0% used [0x00000000e8000000,0x00000000e8000000,0x00000000e9d80000)
 ParOldGen       total 159744K, used 66925K [0x00000000a0000000, 0x00000000a9c00000, 0x00000000e0000000)
  object space 159744K, 41% used [0x00000000a0000000,0x00000000a415b5c0,0x00000000a9c00000)
 Metaspace       used 80747K, capacity 88220K, committed 88408K, reserved 1126400K
  class space    used 10213K, capacity 11845K, committed 11904K, reserved 1048576K
}
Event: 7891.746 GC heap before
{Heap before GC invocations=42 (full 3):
 PSYoungGen      total 161792K, used 142390K [0x00000000e0000000, 0x00000000ec480000, 0x0000000100000000)
  eden space 131072K, 99% used [0x00000000e0000000,0x00000000e7fbfbe8,0x00000000e8000000)
  from space 30720K, 37% used [0x00000000e9d80000,0x00000000ea8cdf70,0x00000000ebb80000)
  to   space 30208K, 0% used [0x00000000e8000000,0x00000000e8000000,0x00000000e9d80000)
 ParOldGen       total 159744K, used 66925K [0x00000000a0000000, 0x00000000a9c00000, 0x00000000e0000000)
  object space 159744K, 41% used [0x00000000a0000000,0x00000000a415b5c0,0x00000000a9c00000)
 Metaspace       used 80748K, capacity 88220K, committed 88408K, reserved 1126400K
  class space    used 10213K, capacity 11845K, committed 11904K, reserved 1048576K
Event: 7891.757 GC heap after
Heap after GC invocations=42 (full 3):
 PSYoungGen      total 161280K, used 11399K [0x00000000e0000000, 0x00000000ed600000, 0x0000000100000000)
  eden space 131072K, 0% used [0x00000000e0000000,0x00000000e0000000,0x00000000e8000000)
  from space 30208K, 37% used [0x00000000e8000000,0x00000000e8b21f80,0x00000000e9d80000)
  to   space 29696K, 0% used [0x00000000eb900000,0x00000000eb900000,0x00000000ed600000)
 ParOldGen       total 159744K, used 67083K [0x00000000a0000000, 0x00000000a9c00000, 0x00000000e0000000)
  object space 159744K, 41% used [0x00000000a0000000,0x00000000a4182eb0,0x00000000a9c00000)
 Metaspace       used 80748K, capacity 88220K, committed 88408K, reserved 1126400K
  class space    used 10213K, capacity 11845K, committed 11904K, reserved 1048576K
}
Event: 7891.784 GC heap before
{Heap before GC invocations=43 (full 3):
 PSYoungGen      total 161280K, used 142471K [0x00000000e0000000, 0x00000000ed600000, 0x0000000100000000)
  eden space 131072K, 100% used [0x00000000e0000000,0x00000000e8000000,0x00000000e8000000)
  from space 30208K, 37% used [0x00000000e8000000,0x00000000e8b21f80,0x00000000e9d80000)
  to   space 29696K, 0% used [0x00000000eb900000,0x00000000eb900000,0x00000000ed600000)
 ParOldGen       total 159744K, used 67083K [0x00000000a0000000, 0x00000000a9c00000, 0x00000000e0000000)
  object space 159744K, 41% used [0x00000000a0000000,0x00000000a4182eb0,0x00000000a9c00000)
 Metaspace       used 80749K, capacity 88220K, committed 88408K, reserved 1126400K
  class space    used 10213K, capacity 11845K, committed 11904K, reserved 1048576K
Event: 7891.796 GC heap after
Heap after GC invocations=43 (full 3):
 PSYoungGen      total 189440K, used 11111K [0x00000000e0000000, 0x00000000ed580000, 0x0000000100000000)
  eden space 160256K, 0% used [0x00000000e0000000,0x00000000e0000000,0x00000000e9c80000)
  from space 29184K, 38% used [0x00000000eb900000,0x00000000ec3d9f80,0x00000000ed580000)
  to   space 29184K, 0% used [0x00000000e9c80000,0x00000000e9c80000,0x00000000eb900000)
 ParOldGen       total 159744K, used 67241K [0x00000000a0000000, 0x00000000a9c00000, 0x00000000e0000000)
  object space 159744K, 42% used [0x00000000a0000000,0x00000000a41aa7a0,0x00000000a9c00000)
 Metaspace       used 80749K, capacity 88220K, committed 88408K, reserved 1126400K
  class space    used 10213K, capacity 11845K, committed 11904K, reserved 1048576K
}

